# JRE version: Java(TM) SE Runtime Environment 18.9 (11.0.11+9) (build 11.0.11+9-LTS-194)
# Java VM: Java HotSpot(TM) 64-Bit Server VM 18.9 (11.0.11+9-LTS-194, mixed mode, tiered, compressed oops, g1 gc, windows-amd64)
Heap:
 garbage-first heap   total 102400K, used 46461K [0x0000000741a00000, 0x0000000800000000)
  region size 1024K, 16 young (16384K), 5 survivors (5120K)
 Metaspace       used 81162K, capacity 84028K, committed 84140K, reserved 1122304K
  class space    used 10676K, capacity 11719K, committed 11776K, reserved 1048576K
GC Heap History (10 events):
Event: 633.967 GC heap before
{Heap before GC invocations=35 (full 5):
 garbage-first heap   total 102400K, used 82234K [0x0000000741a00000, 0x0000000800000000)
  region size 1024K, 51 young (52224K), 4 survivors (4096K)
 Metaspace       used 80707K, capacity 83454K, committed 83628K, reserved 1122304K
  class space    used 10642K, capacity 11678K, committed 11776K, reserved 1048576K
}
Event: 633.971 GC heap after
{Heap after GC invocations=36 (full 5):
 garbage-first heap   total 102400K, used 35929K [0x0000000741a00000, 0x0000000800000000)
  region size 1024K, 5 young (5120K), 5 survivors (5120K)
 Metaspace       used 80707K, capacity 83454K, committed 83628K, reserved 1122304K
  class space    used 10642K, capacity 11678K, committed 11776K, reserved 1048576K
}
Event: 643.165 GC heap before
{Heap before GC invocations=36 (full 5):
 garbage-first heap   total 102400K, used 46169K [0x0000000741a00000, 0x0000000800000000)
  region size 1024K, 16 young (16384K), 5 survivors (5120K)
 Metaspace       used 80710K, capacity 83460K, committed 83628K, reserved 1122304K
  class space    used 10643K, capacity 11680K, committed 11776K, reserved 1048576K
}
Event: 643.223 GC heap after
{Heap after GC invocations=37 (full 6):
 garbage-first heap   total 102400K, used 31101K [0x0000000741a00000, 0x0000000800000000)
  region size 1024K, 0 young (0K), 0 survivors (0K)
 Metaspace       used 80707K, capacity 83454K, committed 83628K, reserved 1122304K
  class space    used 10642K, capacity 11678K, committed 11776K, reserved 1048576K
}
Event: 643.677 GC heap before
{Heap before GC invocations=37 (full 6):
 garbage-first heap   total 102400K, used 81277K [0x0000000741a00000, 0x0000000800000000)
  region size 1024K, 50 young (51200K), 0 survivors (0K)
 Metaspace       used 80833K, capacity 83638K, committed 83884K, reserved 1122304K
  class space    used 10657K, capacity 11718K, committed 11776K, reserved 1048576K
}
Event: 643.681 GC heap after
{Heap after GC invocations=38 (full 6):
 garbage-first heap   total 102400K, used 34016K [0x0000000741a00000, 0x0000000800000000)
  region size 1024K, 3 young (3072K), 3 survivors (3072K)
 Metaspace       used 80833K, capacity 83638K, committed 83884K, reserved 1122304K
  class space    used 10657K, capacity 11718K, committed 11776K, reserved 1048576K
}
Event: 643.837 GC heap before
{Heap before GC invocations=38 (full 6):
 garbage-first heap   total 102400K, used 82144K [0x0000000741a00000, 0x0000000800000000)
  region size 1024K, 51 young (52224K), 3 survivors (3072K)
 Metaspace       used 80852K, capacity 83638K, committed 83884K, reserved 1122304K
  class space    used 10658K, capacity 11718K, committed 11776K, reserved 1048576K
}
Event: 643.840 GC heap after
{Heap after GC invocations=39 (full 6):
 garbage-first heap   total 102400K, used 34319K [0x0000000741a00000, 0x0000000800000000)
  region size 1024K, 4 young (4096K), 4 survivors (4096K)
 Metaspace       used 80852K, capacity 83638K, committed 83884K, reserved 1122304K
  class space    used 10658K, capacity 11718K, committed 11776K, reserved 1048576K
}
Event: 657.434 GC heap before
{Heap before GC invocations=39 (full 6):
 garbage-first heap   total 102400K, used 82447K [0x0000000741a00000, 0x0000000800000000)
  region size 1024K, 51 young (52224K), 4 survivors (4096K)
 Metaspace       used 81077K, capacity 83900K, committed 84140K, reserved 1122304K
  class space    used 10672K, capacity 11719K, committed 11776K, reserved 1048576K
}
Event: 657.438 GC heap after
{Heap after GC invocations=40 (full 6):
 garbage-first heap   total 102400K, used 36221K [0x0000000741a00000, 0x0000000800000000)
  region size 1024K, 5 young (5120K), 5 survivors (5120K)
 Metaspace       used 81077K, capacity 83900K, committed 84140K, reserved 1122304K
  class space    used 10672K, capacity 11719K, committed 11776K, reserved 1048576K
}

